<?xml version="1.0" encoding="UTF-8"?>
<testng-results ignored="0" total="2" passed="2" failed="0" skipped="0">
  <reporter-output>
  </reporter-output>
  <suite started-at="2023-10-16T20:26:08 IST" name="Default suite" finished-at="2023-10-16T20:26:08 IST" duration-ms="54">
    <groups>
    </groups>
    <test started-at="2023-10-16T20:26:08 IST" name="Default test" finished-at="2023-10-16T20:26:08 IST" duration-ms="54">
      <class name="inheritence.Ps1">
        <test-method is-config="true" signature="before()[pri:0, instance:inheritence.Ps1@6973b51b]" started-at="2023-10-16T20:26:08 IST" name="before" finished-at="2023-10-16T20:26:08 IST" duration-ms="9" status="PASS">
          <reporter-output>
          </reporter-output>
        </test-method> <!-- before -->
        <test-method signature="constructor()[pri:0, instance:inheritence.Ps1@6973b51b]" started-at="2023-10-16T20:26:08 IST" name="constructor" finished-at="2023-10-16T20:26:08 IST" duration-ms="8" status="PASS">
          <reporter-output>
          </reporter-output>
        </test-method> <!-- constructor -->
        <test-method is-config="true" signature="before()[pri:0, instance:inheritence.Ps1@6973b51b]" started-at="2023-10-16T20:26:08 IST" name="before" finished-at="2023-10-16T20:26:08 IST" duration-ms="0" status="PASS">
          <reporter-output>
          </reporter-output>
        </test-method> <!-- before -->
        <test-method signature="testrun()[pri:0, instance:inheritence.Ps1@6973b51b]" started-at="2023-10-16T20:26:08 IST" name="testrun" finished-at="2023-10-16T20:26:08 IST" duration-ms="1" status="PASS">
          <reporter-output>
          </reporter-output>
        </test-method> <!-- testrun -->
      </class> <!-- inheritence.Ps1 -->
    </test> <!-- Default test -->
  </suite> <!-- Default suite -->
</testng-results>
